0 info it worked if it ends with ok
1 verbose cli [ '/Users/huqingliang/.nvm/versions/node/v5.0.0/bin/node',
1 verbose cli   '/Users/huqingliang/.nvm/versions/node/v5.0.0/lib/node_modules/tnpm/node_modules/npm/bin/npm-cli.js',
1 verbose cli   '--fse_binary_host_mirror=https://npm.taobao.org/mirrors/fsevents/',
1 verbose cli   '--no-proxy',
1 verbose cli   '--disturl=https://npm.taobao.org/mirrors/node',
1 verbose cli   '--userconfig=/Users/huqingliang/.tnpmrc',
1 verbose cli   '--registry=http://registry.npm.alibaba-inc.com',
1 verbose cli   '--node-gyp=/Users/huqingliang/.nvm/versions/node/v5.0.0/lib/node_modules/tnpm/node_modules/node-gyp/bin/node-gyp.js',
1 verbose cli   '--cache=/Users/huqingliang/.tnpm',
1 verbose cli   'run',
1 verbose cli   'start' ]
2 info using npm@3.5.2
3 info using node@v5.0.0
4 verbose stack Error: missing script: start
4 verbose stack     at run (/Users/huqingliang/.nvm/versions/node/v5.0.0/lib/node_modules/tnpm/node_modules/npm/lib/run-script.js:147:19)
4 verbose stack     at /Users/huqingliang/.nvm/versions/node/v5.0.0/lib/node_modules/tnpm/node_modules/npm/lib/run-script.js:57:5
4 verbose stack     at /Users/huqingliang/.nvm/versions/node/v5.0.0/lib/node_modules/tnpm/node_modules/npm/node_modules/read-package-json/read-json.js:345:5
4 verbose stack     at checkBinReferences_ (/Users/huqingliang/.nvm/versions/node/v5.0.0/lib/node_modules/tnpm/node_modules/npm/node_modules/read-package-json/read-json.js:309:45)
4 verbose stack     at final (/Users/huqingliang/.nvm/versions/node/v5.0.0/lib/node_modules/tnpm/node_modules/npm/node_modules/read-package-json/read-json.js:343:3)
4 verbose stack     at then (/Users/huqingliang/.nvm/versions/node/v5.0.0/lib/node_modules/tnpm/node_modules/npm/node_modules/read-package-json/read-json.js:113:5)
4 verbose stack     at /Users/huqingliang/.nvm/versions/node/v5.0.0/lib/node_modules/tnpm/node_modules/npm/node_modules/read-package-json/read-json.js:300:12
4 verbose stack     at /Users/huqingliang/.nvm/versions/node/v5.0.0/lib/node_modules/tnpm/node_modules/npm/node_modules/graceful-fs/graceful-fs.js:76:16
4 verbose stack     at tryToString (fs.js:414:3)
4 verbose stack     at FSReqWrap.readFileAfterClose [as oncomplete] (fs.js:401:12)
5 verbose cwd /Users/huqingliang/open-project/dt-bird/griffin-start
6 error Darwin 14.5.0
7 error argv "/Users/huqingliang/.nvm/versions/node/v5.0.0/bin/node" "/Users/huqingliang/.nvm/versions/node/v5.0.0/lib/node_modules/tnpm/node_modules/npm/bin/npm-cli.js" "--fse_binary_host_mirror=https://npm.taobao.org/mirrors/fsevents/" "--no-proxy" "--disturl=https://npm.taobao.org/mirrors/node" "--userconfig=/Users/huqingliang/.tnpmrc" "--registry=http://registry.npm.alibaba-inc.com" "--node-gyp=/Users/huqingliang/.nvm/versions/node/v5.0.0/lib/node_modules/tnpm/node_modules/node-gyp/bin/node-gyp.js" "--cache=/Users/huqingliang/.tnpm" "run" "start"
8 error node v5.0.0
9 error npm  v3.5.2
10 error missing script: start
11 error If you need help, you may report this error at:
11 error     <https://github.com/npm/npm/issues>
12 verbose exit [ 1, true ]
